<?xml version="1.0" encoding="UTF-8"?>
<testsuite name="WordManagerTest" time="0.152" tests="4" errors="0" skipped="0" failures="0">
  <properties>
[...]
</properties>
  <testcase name="testEmptyLists" classname="WordManagerTest" time="0.139"/>
  <testcase name="testValidAndEmptyWordMatches" classname="WordManagerTest" time="0.004"/>
  <testcase name="testInvalidRules" classname="WordManagerTest" time="0.003"/>
  <testcase name="testMatchesInCommands" classname="WordManagerTest" time="0.006"/>
</testsuite>