<?xml version="1.0" encoding="UTF-8" ?>
<testsuite tests="1" failures="0" name="ChatMonitorTest" time="0.142" errors="1" skipped="0">
  <properties>
[...]
</properties>
  <testcase classname="ChatMonitorTest" name="test" time="0.142">
    <error message="&apos;void org.yaml.snakeyaml.LoaderOptions.setMaxAliasesForCollections(int)&apos;" type="java.lang.NoSuchMethodError">java.lang.NoSuchMethodError: &apos;void org.yaml.snakeyaml.LoaderOptions.setMaxAliasesForCollections(int)&apos;
	at org.bukkit.configuration.file.YamlConfiguration.loadFromString(YamlConfiguration.java:56)
	at org.bukkit.configuration.file.FileConfiguration.load(FileConfiguration.java:160)
	at org.bukkit.configuration.file.FileConfiguration.load(FileConfiguration.java:128)
	at org.bukkit.configuration.file.YamlConfiguration.loadConfiguration(YamlConfiguration.java:186)
	at org.bukkit.plugin.java.JavaPlugin.reloadConfig(JavaPlugin.java:157)
	at org.bukkit.plugin.java.JavaPlugin.getConfig(JavaPlugin.java:133)
	at io.github.mooeypoo.chatmonitor.ChatMonitor.updateDefaults(ChatMonitor.java:131)
	at io.github.mooeypoo.chatmonitor.ChatMonitor.onEnable(ChatMonitor.java:33)
	at org.bukkit.plugin.java.JavaPlugin.setEnabled(JavaPlugin.java:263)
	at org.bukkit.plugin.java.JavaPluginUtils.setEnabled(JavaPluginUtils.java:13)
	at be.seeseemelk.mockbukkit.plugin.PluginManagerMock.enablePlugin(PluginManagerMock.java:417)
	at be.seeseemelk.mockbukkit.MockBukkit.load(MockBukkit.java:162)
	at be.seeseemelk.mockbukkit.MockBukkit.load(MockBukkit.java:146)
	at ChatMonitorTest.setUp(ChatMonitorTest.java:19)
	at java.base/jdk.internal.reflect.NativeMethodAccessorImpl.invoke0(Native Method)
	at java.base/jdk.internal.reflect.NativeMethodAccessorImpl.invoke(NativeMethodAccessorImpl.java:64)
	at java.base/jdk.internal.reflect.DelegatingMethodAccessorImpl.invoke(DelegatingMethodAccessorImpl.java:43)
	at java.base/java.lang.reflect.Method.invoke(Method.java:564)
	at org.junit.runners.model.FrameworkMethod$1.runReflectiveCall(FrameworkMethod.java:50)
	at org.junit.internal.runners.model.ReflectiveCallable.run(ReflectiveCallable.java:12)
	at org.junit.runners.model.FrameworkMethod.invokeExplosively(FrameworkMethod.java:47)
	at org.junit.internal.runners.statements.RunBefores.evaluate(RunBefores.java:24)
	at org.junit.internal.runners.statements.RunAfters.evaluate(RunAfters.java:27)
	at org.junit.runners.ParentRunner.runLeaf(ParentRunner.java:325)
	at org.junit.runners.BlockJUnit4ClassRunner.runChild(BlockJUnit4ClassRunner.java:78)
	at org.junit.runners.BlockJUnit4ClassRunner.runChild(BlockJUnit4ClassRunner.java:57)
	at org.junit.runners.ParentRunner$3.run(ParentRunner.java:290)
	at org.junit.runners.ParentRunner$1.schedule(ParentRunner.java:71)
	at org.junit.runners.ParentRunner.runChildren(ParentRunner.java:288)
	at org.junit.runners.ParentRunner.access$000(ParentRunner.java:58)
	at org.junit.runners.ParentRunner$2.evaluate(ParentRunner.java:268)
	at org.junit.runners.ParentRunner.run(ParentRunner.java:363)
	at org.apache.maven.surefire.junit4.JUnit4Provider.execute(JUnit4Provider.java:252)
	at org.apache.maven.surefire.junit4.JUnit4Provider.executeTestSet(JUnit4Provider.java:141)
	at org.apache.maven.surefire.junit4.JUnit4Provider.invoke(JUnit4Provider.java:112)
	at java.base/jdk.internal.reflect.NativeMethodAccessorImpl.invoke0(Native Method)
	at java.base/jdk.internal.reflect.NativeMethodAccessorImpl.invoke(NativeMethodAccessorImpl.java:64)
	at java.base/jdk.internal.reflect.DelegatingMethodAccessorImpl.invoke(DelegatingMethodAccessorImpl.java:43)
	at java.base/java.lang.reflect.Method.invoke(Method.java:564)
	at org.apache.maven.surefire.util.ReflectionUtils.invokeMethodWithArray(ReflectionUtils.java:189)
	at org.apache.maven.surefire.booter.ProviderFactory$ProviderProxy.invoke(ProviderFactory.java:165)
	at org.apache.maven.surefire.booter.ProviderFactory.invokeProvider(ProviderFactory.java:85)
	at org.apache.maven.surefire.booter.ForkedBooter.runSuitesInProcess(ForkedBooter.java:115)
	at org.apache.maven.surefire.booter.ForkedBooter.main(ForkedBooter.java:75)
</error>
    <system-err>[16:41:13 INFO]: [ChatMonitor] ChatMonitor is disabled.
</system-err>
  </testcase>
</testsuite>